<?xml version="1.0" encoding="UTF-8"?>
<!-- Generated by org.testng.reporters.JUnitReportReporter -->
<testsuite hostname="DESKTOP-DBJQC0I" failures="0" tests="7" name="seleniumTestMaven.Navigations" time="37.350" errors="0" timestamp="2024-10-19T17:33:53 IST" skipped="0">
  <testcase classname="seleniumTestMaven.Navigations" name="test4" time="5.082"/>
  <testcase classname="seleniumTestMaven.Navigations" name="test5" time="5.314"/>
  <testcase classname="seleniumTestMaven.Navigations" name="test1" time="5.156"/>
  <testcase classname="seleniumTestMaven.Navigations" name="test3" time="6.677"/>
  <testcase classname="seleniumTestMaven.Navigations" name="test2" time="8.820"/>
  <testcase classname="seleniumTestMaven.Navigations" name="test7" time="0.312"/>
  <testcase classname="seleniumTestMaven.Navigations" name="test6" time="5.989"/>
</testsuite> <!-- seleniumTestMaven.Navigations -->
